<?xml version="1.0" encoding="UTF-8"?>
<testsuite xmlns:xsi="http://www.w3.org/2001/XMLSchema-instance" xsi:noNamespaceSchemaLocation="https://maven.apache.org/surefire/maven-surefire-plugin/xsd/surefire-test-report.xsd" name="com.topper.tests.dex.decompilation.staticanalyser.TestDefaultStaticAnalyser" time="0.001" tests="3" errors="0" skipped="0" failures="0">
  <properties>
[...]
</properties>
  <testcase name="Given_EmptyMap_When_Executing_Expect_MissingStageInfoException" classname="com.topper.tests.dex.decompilation.staticanalyser.TestDefaultStaticAnalyser" time="0"/>
  <testcase name="Given_PartialMap_When_Executing_Expect_MissingStageInfoException" classname="com.topper.tests.dex.decompilation.staticanalyser.TestDefaultStaticAnalyser" time="0.001"/>
  <testcase name="Given_ValidMap_When_Executing_Expect_ValidStaticInfo" classname="com.topper.tests.dex.decompilation.staticanalyser.TestDefaultStaticAnalyser" time="0"/>
</testsuite>